<?xml version="1.0" encoding="UTF-8" ?>
<testsuite failures="0" time="0.068" errors="0" skipped="0" tests="7" name="com.ciaranwood.tapestry.cache.services.advice.InterfaceMethodMatcherTest">
  <properties>
[...]
</properties>
  <testcase time="0.009" classname="com.ciaranwood.tapestry.cache.services.advice.InterfaceMethodMatcherTest" name="methodsMatchNoArgs"/>
  <testcase time="0.001" classname="com.ciaranwood.tapestry.cache.services.advice.InterfaceMethodMatcherTest" name="testMethodsDoNotMatchWhenNameIsDifferent"/>
  <testcase time="0.001" classname="com.ciaranwood.tapestry.cache.services.advice.InterfaceMethodMatcherTest" name="methodsMatchUsingNameAndArgs"/>
  <testcase time="0.001" classname="com.ciaranwood.tapestry.cache.services.advice.InterfaceMethodMatcherTest" name="methodsDoNotMatchWhenArgsAreDifferent"/>
  <testcase time="0.001" classname="com.ciaranwood.tapestry.cache.services.advice.InterfaceMethodMatcherTest" name="methodsDoNotMatchWhenNameAndArgsAreDifferent"/>
  <testcase time="0.001" classname="com.ciaranwood.tapestry.cache.services.advice.InterfaceMethodMatcherTest" name="methodsDoNotMatchWhenArgsHaveDifferentOrder"/>
  <testcase time="0.001" classname="com.ciaranwood.tapestry.cache.services.advice.InterfaceMethodMatcherTest" name="returnFalseWhenSameSignatureButNotASubclass"/>
</testsuite>